2023-11-07T07:48:34.590+07:00  INFO 30976 --- [restartedMain] c.shopme.admin.ShopmeBackEndApplication  : Starting ShopmeBackEndApplication using Java 17.0.8.1 with PID 30976 (H:\ShopmeEcommerce\ShopmeProject\ShopmeWebParent\ShopmeBackEnd\target\classes started by Bânbân in H:\ShopmeEcommerce\ShopmeProject\ShopmeWebParent\ShopmeBackEnd)
2023-11-07T07:48:34.590+07:00  INFO 30976 --- [restartedMain] c.shopme.admin.ShopmeBackEndApplication  : No active profile set, falling back to 1 default profile: "default"
2023-11-07T07:48:34.731+07:00  INFO 30976 --- [restartedMain] .s.d.r.c.RepositoryConfigurationDelegate : Bootstrapping Spring Data JPA repositories in DEFAULT mode.
2023-11-07T07:48:34.743+07:00  INFO 30976 --- [restartedMain] .s.d.r.c.RepositoryConfigurationDelegate : Finished Spring Data repository scanning in 11 ms. Found 2 JPA repository interfaces.
2023-11-07T07:48:34.831+07:00  INFO 30976 --- [restartedMain] o.s.b.w.embedded.tomcat.TomcatWebServer  : Tomcat initialized with port(s): 8080 (http)
2023-11-07T07:48:34.833+07:00  INFO 30976 --- [restartedMain] o.apache.catalina.core.StandardService   : Starting service [Tomcat]
2023-11-07T07:48:34.833+07:00  INFO 30976 --- [restartedMain] o.apache.catalina.core.StandardEngine    : Starting Servlet engine: [Apache Tomcat/10.1.15]
2023-11-07T07:48:34.858+07:00  INFO 30976 --- [restartedMain] o.a.c.c.C.[.[localhost].[/ShopmeAdmin]   : Initializing Spring embedded WebApplicationContext
2023-11-07T07:48:34.859+07:00  INFO 30976 --- [restartedMain] w.s.c.ServletWebServerApplicationContext : Root WebApplicationContext: initialization completed in 267 ms
2023-11-07T07:48:34.895+07:00  INFO 30976 --- [restartedMain] o.hibernate.jpa.internal.util.LogHelper  : HHH000204: Processing PersistenceUnitInfo [name: default]
2023-11-07T07:48:34.901+07:00  INFO 30976 --- [restartedMain] o.s.o.j.p.SpringPersistenceUnitInfo      : No LoadTimeWeaver setup: ignoring JPA class transformer
2023-11-07T07:48:34.904+07:00  INFO 30976 --- [restartedMain] com.zaxxer.hikari.HikariDataSource       : HikariPool-3 - Starting...
2023-11-07T07:48:34.921+07:00  INFO 30976 --- [restartedMain] com.zaxxer.hikari.pool.HikariPool        : HikariPool-3 - Added connection com.mysql.cj.jdbc.ConnectionImpl@7687ddb2
2023-11-07T07:48:34.922+07:00  INFO 30976 --- [restartedMain] com.zaxxer.hikari.HikariDataSource       : HikariPool-3 - Start completed.
2023-11-07T07:48:34.922+07:00  WARN 30976 --- [restartedMain] org.hibernate.orm.deprecation            : HHH90000025: MySQL8Dialect does not need to be specified explicitly using 'hibernate.dialect' (remove the property setting and it will be selected by default)
2023-11-07T07:48:34.922+07:00  WARN 30976 --- [restartedMain] org.hibernate.orm.deprecation            : HHH90000026: MySQL8Dialect has been deprecated; use org.hibernate.dialect.MySQLDialect instead
2023-11-07T07:48:34.967+07:00  INFO 30976 --- [restartedMain] o.h.e.t.j.p.i.JtaPlatformInitiator       : HHH000489: No JTA platform available (set 'hibernate.transaction.jta.platform' to enable JTA platform integration)
2023-11-07T07:48:35.008+07:00  INFO 30976 --- [restartedMain] j.LocalContainerEntityManagerFactoryBean : Initialized JPA EntityManagerFactory for persistence unit 'default'
2023-11-07T07:48:35.092+07:00  WARN 30976 --- [restartedMain] JpaBaseConfiguration$JpaWebConfiguration : spring.jpa.open-in-view is enabled by default. Therefore, database queries may be performed during view rendering. Explicitly configure spring.jpa.open-in-view to disable this warning
2023-11-07T07:48:35.109+07:00  INFO 30976 --- [restartedMain] o.s.b.a.w.s.WelcomePageHandlerMapping    : Adding welcome page template: index
2023-11-07T07:48:35.334+07:00  INFO 30976 --- [restartedMain] o.s.s.web.DefaultSecurityFilterChain     : Will secure any request with [org.springframework.security.web.session.DisableEncodeUrlFilter@ca6f392, org.springframework.security.web.context.request.async.WebAsyncManagerIntegrationFilter@28e34464, org.springframework.security.web.context.SecurityContextHolderFilter@665f09b2, org.springframework.security.web.header.HeaderWriterFilter@6edbc433, org.springframework.security.web.csrf.CsrfFilter@263fe188, org.springframework.security.web.authentication.logout.LogoutFilter@7bf683a6, org.springframework.security.web.authentication.UsernamePasswordAuthenticationFilter@34b73af7, org.springframework.security.web.savedrequest.RequestCacheAwareFilter@3f359750, org.springframework.security.web.servletapi.SecurityContextHolderAwareRequestFilter@5530b8eb, org.springframework.security.web.authentication.rememberme.RememberMeAuthenticationFilter@5cea6439, org.springframework.security.web.authentication.AnonymousAuthenticationFilter@250ea30d, org.springframework.security.web.access.ExceptionTranslationFilter@56d7971a, org.springframework.security.web.access.intercept.AuthorizationFilter@479c7fb5]
2023-11-07T07:48:35.376+07:00  INFO 30976 --- [restartedMain] o.s.b.d.a.OptionalLiveReloadServer       : LiveReload server is running on port 35729
2023-11-07T07:48:35.386+07:00  INFO 30976 --- [restartedMain] o.s.b.w.embedded.tomcat.TomcatWebServer  : Tomcat started on port(s): 8080 (http) with context path '/ShopmeAdmin'
2023-11-07T07:48:35.391+07:00  INFO 30976 --- [restartedMain] c.shopme.admin.ShopmeBackEndApplication  : Started ShopmeBackEndApplication in 0.829 seconds (process running for 175.501)
2023-11-07T07:48:35.392+07:00  INFO 30976 --- [restartedMain] .ConditionEvaluationDeltaLoggingListener : Condition evaluation unchanged
2023-11-07T07:54:09.691+07:00  INFO 30976 --- [File Watcher] rtingClassPathChangeChangedEventListener : Restarting due to 1 class path change (0 additions, 0 deletions, 1 modification)
2023-11-07T07:54:09.707+07:00  INFO 30976 --- [Thread-11] o.apache.catalina.core.StandardService   : Stopping service [Tomcat]
2023-11-07T07:54:09.712+07:00  INFO 30976 --- [Thread-11] j.LocalContainerEntityManagerFactoryBean : Closing JPA EntityManagerFactory for persistence unit 'default'
2023-11-07T07:54:09.712+07:00  INFO 30976 --- [Thread-11] com.zaxxer.hikari.HikariDataSource       : HikariPool-3 - Shutdown initiated...
2023-11-07T07:54:09.715+07:00  INFO 30976 --- [Thread-11] com.zaxxer.hikari.HikariDataSource       : HikariPool-3 - Shutdown completed.
2023-11-07T07:54:09.798+07:00  INFO 30976 --- [restartedMain] c.shopme.admin.ShopmeBackEndApplication  : Starting ShopmeBackEndApplication using Java 17.0.8.1 with PID 30976 (H:\ShopmeEcommerce\ShopmeProject\ShopmeWebParent\ShopmeBackEnd\target\classes started by Bânbân in H:\ShopmeEcommerce\ShopmeProject\ShopmeWebParent\ShopmeBackEnd)
2023-11-07T07:54:09.799+07:00  INFO 30976 --- [restartedMain] c.shopme.admin.ShopmeBackEndApplication  : No active profile set, falling back to 1 default profile: "default"
2023-11-07T07:54:09.944+07:00  INFO 30976 --- [restartedMain] .s.d.r.c.RepositoryConfigurationDelegate : Bootstrapping Spring Data JPA repositories in DEFAULT mode.
2023-11-07T07:54:09.956+07:00  INFO 30976 --- [restartedMain] .s.d.r.c.RepositoryConfigurationDelegate : Finished Spring Data repository scanning in 12 ms. Found 2 JPA repository interfaces.
2023-11-07T07:54:10.064+07:00  INFO 30976 --- [restartedMain] o.s.b.w.embedded.tomcat.TomcatWebServer  : Tomcat initialized with port(s): 8080 (http)
2023-11-07T07:54:10.065+07:00  INFO 30976 --- [restartedMain] o.apache.catalina.core.StandardService   : Starting service [Tomcat]
2023-11-07T07:54:10.065+07:00  INFO 30976 --- [restartedMain] o.apache.catalina.core.StandardEngine    : Starting Servlet engine: [Apache Tomcat/10.1.15]
2023-11-07T07:54:10.092+07:00  INFO 30976 --- [restartedMain] o.a.c.c.C.[.[localhost].[/ShopmeAdmin]   : Initializing Spring embedded WebApplicationContext
2023-11-07T07:54:10.092+07:00  INFO 30976 --- [restartedMain] w.s.c.ServletWebServerApplicationContext : Root WebApplicationContext: initialization completed in 292 ms
2023-11-07T07:54:10.143+07:00  INFO 30976 --- [restartedMain] o.hibernate.jpa.internal.util.LogHelper  : HHH000204: Processing PersistenceUnitInfo [name: default]
2023-11-07T07:54:10.148+07:00  INFO 30976 --- [restartedMain] o.s.o.j.p.SpringPersistenceUnitInfo      : No LoadTimeWeaver setup: ignoring JPA class transformer
2023-11-07T07:54:10.149+07:00  INFO 30976 --- [restartedMain] com.zaxxer.hikari.HikariDataSource       : HikariPool-4 - Starting...
2023-11-07T07:54:10.164+07:00  INFO 30976 --- [restartedMain] com.zaxxer.hikari.pool.HikariPool        : HikariPool-4 - Added connection com.mysql.cj.jdbc.ConnectionImpl@2339adf7
2023-11-07T07:54:10.164+07:00  INFO 30976 --- [restartedMain] com.zaxxer.hikari.HikariDataSource       : HikariPool-4 - Start completed.
2023-11-07T07:54:10.164+07:00  WARN 30976 --- [restartedMain] org.hibernate.orm.deprecation            : HHH90000025: MySQL8Dialect does not need to be specified explicitly using 'hibernate.dialect' (remove the property setting and it will be selected by default)
2023-11-07T07:54:10.165+07:00  WARN 30976 --- [restartedMain] org.hibernate.orm.deprecation            : HHH90000026: MySQL8Dialect has been deprecated; use org.hibernate.dialect.MySQLDialect instead
2023-11-07T07:54:10.196+07:00  INFO 30976 --- [restartedMain] o.h.e.t.j.p.i.JtaPlatformInitiator       : HHH000489: No JTA platform available (set 'hibernate.transaction.jta.platform' to enable JTA platform integration)
2023-11-07T07:54:10.218+07:00  INFO 30976 --- [restartedMain] j.LocalContainerEntityManagerFactoryBean : Initialized JPA EntityManagerFactory for persistence unit 'default'
2023-11-07T07:54:10.295+07:00  WARN 30976 --- [restartedMain] JpaBaseConfiguration$JpaWebConfiguration : spring.jpa.open-in-view is enabled by default. Therefore, database queries may be performed during view rendering. Explicitly configure spring.jpa.open-in-view to disable this warning
2023-11-07T07:54:10.316+07:00  INFO 30976 --- [restartedMain] o.s.b.a.w.s.WelcomePageHandlerMapping    : Adding welcome page template: index
2023-11-07T07:54:10.536+07:00  INFO 30976 --- [restartedMain] o.s.s.web.DefaultSecurityFilterChain     : Will secure any request with [org.springframework.security.web.session.DisableEncodeUrlFilter@6f794b1, org.springframework.security.web.context.request.async.WebAsyncManagerIntegrationFilter@1fd143d7, org.springframework.security.web.context.SecurityContextHolderFilter@2e83fc31, org.springframework.security.web.header.HeaderWriterFilter@671537c1, org.springframework.security.web.csrf.CsrfFilter@5becbcda, org.springframework.security.web.authentication.logout.LogoutFilter@37b75fed, org.springframework.security.web.authentication.UsernamePasswordAuthenticationFilter@7767a161, org.springframework.security.web.savedrequest.RequestCacheAwareFilter@10378f57, org.springframework.security.web.servletapi.SecurityContextHolderAwareRequestFilter@64e0bd90, org.springframework.security.web.authentication.rememberme.RememberMeAuthenticationFilter@39b3888a, org.springframework.security.web.authentication.AnonymousAuthenticationFilter@557785e5, org.springframework.security.web.access.ExceptionTranslationFilter@3cb90352, org.springframework.security.web.access.intercept.AuthorizationFilter@727d6850]
2023-11-07T07:54:10.577+07:00  INFO 30976 --- [restartedMain] o.s.b.d.a.OptionalLiveReloadServer       : LiveReload server is running on port 35729
2023-11-07T07:54:10.588+07:00  INFO 30976 --- [restartedMain] o.s.b.w.embedded.tomcat.TomcatWebServer  : Tomcat started on port(s): 8080 (http) with context path '/ShopmeAdmin'
2023-11-07T07:54:10.591+07:00  INFO 30976 --- [restartedMain] c.shopme.admin.ShopmeBackEndApplication  : Started ShopmeBackEndApplication in 0.824 seconds (process running for 510.702)
2023-11-07T07:54:10.593+07:00  INFO 30976 --- [restartedMain] .ConditionEvaluationDeltaLoggingListener : Condition evaluation unchanged
2023-11-07T08:02:32.871+07:00  INFO 30976 --- [File Watcher] rtingClassPathChangeChangedEventListener : Restarting due to 1 class path change (0 additions, 0 deletions, 1 modification)
2023-11-07T08:02:33.003+07:00  INFO 30976 --- [Thread-15] o.apache.catalina.core.StandardService   : Stopping service [Tomcat]
2023-11-07T08:02:33.121+07:00  INFO 30976 --- [Thread-15] j.LocalContainerEntityManagerFactoryBean : Closing JPA EntityManagerFactory for persistence unit 'default'
2023-11-07T08:02:33.152+07:00  INFO 30976 --- [Thread-15] com.zaxxer.hikari.HikariDataSource       : HikariPool-4 - Shutdown initiated...
2023-11-07T08:02:33.192+07:00  INFO 30976 --- [Thread-15] com.zaxxer.hikari.HikariDataSource       : HikariPool-4 - Shutdown completed.
2023-11-07T08:02:33.445+07:00  INFO 30976 --- [restartedMain] c.shopme.admin.ShopmeBackEndApplication  : Starting ShopmeBackEndApplication using Java 17.0.8.1 with PID 30976 (H:\ShopmeEcommerce\ShopmeProject\ShopmeWebParent\ShopmeBackEnd\target\classes started by Bânbân in H:\ShopmeEcommerce\ShopmeProject\ShopmeWebParent\ShopmeBackEnd)
2023-11-07T08:02:33.445+07:00  INFO 30976 --- [restartedMain] c.shopme.admin.ShopmeBackEndApplication  : No active profile set, falling back to 1 default profile: "default"
2023-11-07T08:02:33.652+07:00  INFO 30976 --- [restartedMain] .s.d.r.c.RepositoryConfigurationDelegate : Bootstrapping Spring Data JPA repositories in DEFAULT mode.
2023-11-07T08:02:33.662+07:00  INFO 30976 --- [restartedMain] .s.d.r.c.RepositoryConfigurationDelegate : Finished Spring Data repository scanning in 9 ms. Found 2 JPA repository interfaces.
2023-11-07T08:02:33.781+07:00  INFO 30976 --- [restartedMain] o.s.b.w.embedded.tomcat.TomcatWebServer  : Tomcat initialized with port(s): 8080 (http)
2023-11-07T08:02:33.782+07:00  INFO 30976 --- [restartedMain] o.apache.catalina.core.StandardService   : Starting service [Tomcat]
2023-11-07T08:02:33.782+07:00  INFO 30976 --- [restartedMain] o.apache.catalina.core.StandardEngine    : Starting Servlet engine: [Apache Tomcat/10.1.15]
2023-11-07T08:02:33.813+07:00  INFO 30976 --- [restartedMain] o.a.c.c.C.[.[localhost].[/ShopmeAdmin]   : Initializing Spring embedded WebApplicationContext
2023-11-07T08:02:33.813+07:00  INFO 30976 --- [restartedMain] w.s.c.ServletWebServerApplicationContext : Root WebApplicationContext: initialization completed in 365 ms
2023-11-07T08:02:33.885+07:00  INFO 30976 --- [restartedMain] o.hibernate.jpa.internal.util.LogHelper  : HHH000204: Processing PersistenceUnitInfo [name: default]
2023-11-07T08:02:33.893+07:00  INFO 30976 --- [restartedMain] o.s.o.j.p.SpringPersistenceUnitInfo      : No LoadTimeWeaver setup: ignoring JPA class transformer
2023-11-07T08:02:33.905+07:00  INFO 30976 --- [restartedMain] com.zaxxer.hikari.HikariDataSource       : HikariPool-5 - Starting...
2023-11-07T08:02:33.950+07:00  INFO 30976 --- [restartedMain] com.zaxxer.hikari.pool.HikariPool        : HikariPool-5 - Added connection com.mysql.cj.jdbc.ConnectionImpl@6ddf95b6
2023-11-07T08:02:33.951+07:00  INFO 30976 --- [restartedMain] com.zaxxer.hikari.HikariDataSource       : HikariPool-5 - Start completed.
2023-11-07T08:02:33.952+07:00  WARN 30976 --- [restartedMain] org.hibernate.orm.deprecation            : HHH90000025: MySQL8Dialect does not need to be specified explicitly using 'hibernate.dialect' (remove the property setting and it will be selected by default)
2023-11-07T08:02:33.952+07:00  WARN 30976 --- [restartedMain] org.hibernate.orm.deprecation            : HHH90000026: MySQL8Dialect has been deprecated; use org.hibernate.dialect.MySQLDialect instead
2023-11-07T08:02:33.984+07:00  INFO 30976 --- [restartedMain] o.h.e.t.j.p.i.JtaPlatformInitiator       : HHH000489: No JTA platform available (set 'hibernate.transaction.jta.platform' to enable JTA platform integration)
2023-11-07T08:02:34.022+07:00  INFO 30976 --- [restartedMain] j.LocalContainerEntityManagerFactoryBean : Initialized JPA EntityManagerFactory for persistence unit 'default'
2023-11-07T08:02:34.100+07:00  WARN 30976 --- [restartedMain] JpaBaseConfiguration$JpaWebConfiguration : spring.jpa.open-in-view is enabled by default. Therefore, database queries may be performed during view rendering. Explicitly configure spring.jpa.open-in-view to disable this warning
2023-11-07T08:02:34.114+07:00  INFO 30976 --- [restartedMain] o.s.b.a.w.s.WelcomePageHandlerMapping    : Adding welcome page template: index
2023-11-07T08:02:34.390+07:00  INFO 30976 --- [restartedMain] o.s.s.web.DefaultSecurityFilterChain     : Will secure any request with [org.springframework.security.web.session.DisableEncodeUrlFilter@9aafa5b, org.springframework.security.web.context.request.async.WebAsyncManagerIntegrationFilter@1fecf410, org.springframework.security.web.context.SecurityContextHolderFilter@3c8014b1, org.springframework.security.web.header.HeaderWriterFilter@364f567b, org.springframework.security.web.csrf.CsrfFilter@15846645, org.springframework.security.web.authentication.logout.LogoutFilter@399f5106, org.springframework.security.web.authentication.UsernamePasswordAuthenticationFilter@15f879d7, org.springframework.security.web.savedrequest.RequestCacheAwareFilter@a00fb2a, org.springframework.security.web.servletapi.SecurityContextHolderAwareRequestFilter@44e2e750, org.springframework.security.web.authentication.rememberme.RememberMeAuthenticationFilter@7ff063ae, org.springframework.security.web.authentication.AnonymousAuthenticationFilter@498c10fb, org.springframework.security.web.access.ExceptionTranslationFilter@4d60799b, org.springframework.security.web.access.intercept.AuthorizationFilter@5869c731]
2023-11-07T08:02:34.437+07:00  INFO 30976 --- [restartedMain] o.s.b.d.a.OptionalLiveReloadServer       : LiveReload server is running on port 35729
2023-11-07T08:02:34.447+07:00  INFO 30976 --- [restartedMain] o.s.b.w.embedded.tomcat.TomcatWebServer  : Tomcat started on port(s): 8080 (http) with context path '/ShopmeAdmin'
2023-11-07T08:02:34.453+07:00  INFO 30976 --- [restartedMain] c.shopme.admin.ShopmeBackEndApplication  : Started ShopmeBackEndApplication in 1.035 seconds (process running for 1014.564)
2023-11-07T08:02:34.454+07:00  INFO 30976 --- [restartedMain] .ConditionEvaluationDeltaLoggingListener : Condition evaluation unchanged
2023-11-07T08:02:46.303+07:00  INFO 30976 --- [http-nio-8080-exec-1] o.a.c.c.C.[.[localhost].[/ShopmeAdmin]   : Initializing Spring DispatcherServlet 'dispatcherServlet'
2023-11-07T08:02:46.303+07:00  INFO 30976 --- [http-nio-8080-exec-1] o.s.web.servlet.DispatcherServlet        : Initializing Servlet 'dispatcherServlet'
2023-11-07T08:02:46.304+07:00  INFO 30976 --- [http-nio-8080-exec-1] o.s.web.servlet.DispatcherServlet        : Completed initialization in 1 ms
2023-11-07T08:04:20.175+07:00  WARN 30976 --- [http-nio-8080-exec-6] o.a.c.util.SessionIdGeneratorBase        : Creation of SecureRandom instance for session ID generation using [SHA1PRNG] took [1,659] milliseconds.
2023-11-07T08:04:20.395+07:00  WARN 30976 --- [http-nio-8080-exec-8] actStandardFragmentInsertionTagProcessor : [THYMELEAF][http-nio-8080-exec-8][index] Deprecated unwrapped fragment expression "fragments :: page_head('Home - Shopme Admin')" found in template index, line 2, col 49. Please use the complete syntax of fragment expressions instead ("~{fragments :: page_head('Home - Shopme Admin')}"). The old, unwrapped syntax for fragment expressions will be removed in future versions of Thymeleaf.
2023-11-07T08:04:20.477+07:00  WARN 30976 --- [http-nio-8080-exec-8] actStandardFragmentInsertionTagProcessor : [THYMELEAF][http-nio-8080-exec-8][index] Deprecated unwrapped fragment expression "navigation :: menu" found in template index, line 5, col 7. Please use the complete syntax of fragment expressions instead ("~{navigation :: menu}"). The old, unwrapped syntax for fragment expressions will be removed in future versions of Thymeleaf.
2023-11-07T08:04:20.790+07:00  WARN 30976 --- [http-nio-8080-exec-8] actStandardFragmentInsertionTagProcessor : [THYMELEAF][http-nio-8080-exec-8][index] Deprecated unwrapped fragment expression "fragments :: footer" found in template index, line 14, col 7. Please use the complete syntax of fragment expressions instead ("~{fragments :: footer}"). The old, unwrapped syntax for fragment expressions will be removed in future versions of Thymeleaf.
2023-11-07T08:04:25.921+07:00  WARN 30976 --- [http-nio-8080-exec-6] actStandardFragmentInsertionTagProcessor : [THYMELEAF][http-nio-8080-exec-6][users/users] Deprecated unwrapped fragment expression "fragments :: page_head('Users - Shopme Admin')" found in template users/users, line 3, col 7. Please use the complete syntax of fragment expressions instead ("~{fragments :: page_head('Users - Shopme Admin')}"). The old, unwrapped syntax for fragment expressions will be removed in future versions of Thymeleaf.
2023-11-07T08:04:25.924+07:00  WARN 30976 --- [http-nio-8080-exec-6] actStandardFragmentInsertionTagProcessor : [THYMELEAF][http-nio-8080-exec-6][users/users] Deprecated unwrapped fragment expression "navigation :: menu" found in template users/users, line 6, col 8. Please use the complete syntax of fragment expressions instead ("~{navigation :: menu}"). The old, unwrapped syntax for fragment expressions will be removed in future versions of Thymeleaf.
2023-11-07T08:04:25.950+07:00  WARN 30976 --- [http-nio-8080-exec-6] actStandardFragmentInsertionTagProcessor : [THYMELEAF][http-nio-8080-exec-6][users/users] Deprecated unwrapped fragment expression "fragments :: column_link('id', 'User ID', 'tag')" found in template users/users, line 44, col 11. Please use the complete syntax of fragment expressions instead ("~{fragments :: column_link('id', 'User ID', 'tag')}"). The old, unwrapped syntax for fragment expressions will be removed in future versions of Thymeleaf.
2023-11-07T08:04:25.957+07:00  WARN 30976 --- [http-nio-8080-exec-6] actStandardFragmentInsertionTagProcessor : [THYMELEAF][http-nio-8080-exec-6][users/users] Deprecated unwrapped fragment expression "fragments :: column_link('email', 'E-mail', 'tag')" found in template users/users, line 49, col 11. Please use the complete syntax of fragment expressions instead ("~{fragments :: column_link('email', 'E-mail', 'tag')}"). The old, unwrapped syntax for fragment expressions will be removed in future versions of Thymeleaf.
2023-11-07T08:04:25.959+07:00  WARN 30976 --- [http-nio-8080-exec-6] actStandardFragmentInsertionTagProcessor : [THYMELEAF][http-nio-8080-exec-6][users/users] Deprecated unwrapped fragment expression "fragments :: column_link('firstName', 'First Name', 'none')" found in template users/users, line 51, col 11. Please use the complete syntax of fragment expressions instead ("~{fragments :: column_link('firstName', 'First Name', 'none')}"). The old, unwrapped syntax for fragment expressions will be removed in future versions of Thymeleaf.
2023-11-07T08:04:25.962+07:00  WARN 30976 --- [http-nio-8080-exec-6] actStandardFragmentInsertionTagProcessor : [THYMELEAF][http-nio-8080-exec-6][users/users] Deprecated unwrapped fragment expression "fragments :: column_link('lastName', 'Last Name', 'none')" found in template users/users, line 65, col 11. Please use the complete syntax of fragment expressions instead ("~{fragments :: column_link('lastName', 'Last Name', 'none')}"). The old, unwrapped syntax for fragment expressions will be removed in future versions of Thymeleaf.
2023-11-07T08:04:25.965+07:00  WARN 30976 --- [http-nio-8080-exec-6] actStandardFragmentInsertionTagProcessor : [THYMELEAF][http-nio-8080-exec-6][users/users] Deprecated unwrapped fragment expression "fragments :: column_link('enabled', 'Enabled', 'none')" found in template users/users, line 67, col 11. Please use the complete syntax of fragment expressions instead ("~{fragments :: column_link('enabled', 'Enabled', 'none')}"). The old, unwrapped syntax for fragment expressions will be removed in future versions of Thymeleaf.
2023-11-07T08:04:26.003+07:00  WARN 30976 --- [http-nio-8080-exec-6] actStandardFragmentInsertionTagProcessor : [THYMELEAF][http-nio-8080-exec-6][users/users] Deprecated unwrapped fragment expression "fragments :: page_link(1, 'First')" found in template users/users, line 139, col 10. Please use the complete syntax of fragment expressions instead ("~{fragments :: page_link(1, 'First')}"). The old, unwrapped syntax for fragment expressions will be removed in future versions of Thymeleaf.
2023-11-07T08:04:26.007+07:00  WARN 30976 --- [http-nio-8080-exec-6] actStandardFragmentInsertionTagProcessor : [THYMELEAF][http-nio-8080-exec-6][users/users] Deprecated unwrapped fragment expression "fragments :: page_link(${currentPage - 1}, 'Previous')" found in template users/users, line 142, col 10. Please use the complete syntax of fragment expressions instead ("~{fragments :: page_link(${currentPage - 1}, 'Previous')}"). The old, unwrapped syntax for fragment expressions will be removed in future versions of Thymeleaf.
2023-11-07T08:04:26.014+07:00  WARN 30976 --- [http-nio-8080-exec-6] actStandardFragmentInsertionTagProcessor : [THYMELEAF][http-nio-8080-exec-6][users/users] Deprecated unwrapped fragment expression "fragments :: page_link(${i}, ${i})" found in template users/users, line 146, col 10. Please use the complete syntax of fragment expressions instead ("~{fragments :: page_link(${i}, ${i})}"). The old, unwrapped syntax for fragment expressions will be removed in future versions of Thymeleaf.
2023-11-07T08:04:26.016+07:00  WARN 30976 --- [http-nio-8080-exec-6] actStandardFragmentInsertionTagProcessor : [THYMELEAF][http-nio-8080-exec-6][users/users] Deprecated unwrapped fragment expression "fragments :: page_link(${i}, ${i})" found in template users/users, line 146, col 10. Please use the complete syntax of fragment expressions instead ("~{fragments :: page_link(${i}, ${i})}"). The old, unwrapped syntax for fragment expressions will be removed in future versions of Thymeleaf.
2023-11-07T08:04:26.018+07:00  WARN 30976 --- [http-nio-8080-exec-6] actStandardFragmentInsertionTagProcessor : [THYMELEAF][http-nio-8080-exec-6][users/users] Deprecated unwrapped fragment expression "fragments :: page_link(${i}, ${i})" found in template users/users, line 146, col 10. Please use the complete syntax of fragment expressions instead ("~{fragments :: page_link(${i}, ${i})}"). The old, unwrapped syntax for fragment expressions will be removed in future versions of Thymeleaf.
2023-11-07T08:04:26.019+07:00  WARN 30976 --- [http-nio-8080-exec-6] actStandardFragmentInsertionTagProcessor : [THYMELEAF][http-nio-8080-exec-6][users/users] Deprecated unwrapped fragment expression "fragments :: page_link(${i}, ${i})" found in template users/users, line 146, col 10. Please use the complete syntax of fragment expressions instead ("~{fragments :: page_link(${i}, ${i})}"). The old, unwrapped syntax for fragment expressions will be removed in future versions of Thymeleaf.
2023-11-07T08:04:26.021+07:00  WARN 30976 --- [http-nio-8080-exec-6] actStandardFragmentInsertionTagProcessor : [THYMELEAF][http-nio-8080-exec-6][users/users] Deprecated unwrapped fragment expression "fragments :: page_link(${i}, ${i})" found in template users/users, line 146, col 10. Please use the complete syntax of fragment expressions instead ("~{fragments :: page_link(${i}, ${i})}"). The old, unwrapped syntax for fragment expressions will be removed in future versions of Thymeleaf.
2023-11-07T08:04:26.023+07:00  WARN 30976 --- [http-nio-8080-exec-6] actStandardFragmentInsertionTagProcessor : [THYMELEAF][http-nio-8080-exec-6][users/users] Deprecated unwrapped fragment expression "fragments :: page_link(${i}, ${i})" found in template users/users, line 146, col 10. Please use the complete syntax of fragment expressions instead ("~{fragments :: page_link(${i}, ${i})}"). The old, unwrapped syntax for fragment expressions will be removed in future versions of Thymeleaf.
2023-11-07T08:04:26.024+07:00  WARN 30976 --- [http-nio-8080-exec-6] actStandardFragmentInsertionTagProcessor : [THYMELEAF][http-nio-8080-exec-6][users/users] Deprecated unwrapped fragment expression "fragments :: page_link(${currentPage + 1}, 'Next')" found in template users/users, line 150, col 10. Please use the complete syntax of fragment expressions instead ("~{fragments :: page_link(${currentPage + 1}, 'Next')}"). The old, unwrapped syntax for fragment expressions will be removed in future versions of Thymeleaf.
2023-11-07T08:04:26.025+07:00  WARN 30976 --- [http-nio-8080-exec-6] actStandardFragmentInsertionTagProcessor : [THYMELEAF][http-nio-8080-exec-6][users/users] Deprecated unwrapped fragment expression "fragments :: page_link(${totalPages}, 'Last')" found in template users/users, line 153, col 10. Please use the complete syntax of fragment expressions instead ("~{fragments :: page_link(${totalPages}, 'Last')}"). The old, unwrapped syntax for fragment expressions will be removed in future versions of Thymeleaf.
2023-11-07T08:04:26.027+07:00  WARN 30976 --- [http-nio-8080-exec-6] actStandardFragmentInsertionTagProcessor : [THYMELEAF][http-nio-8080-exec-6][users/users] Deprecated unwrapped fragment expression "fragments :: footer" found in template users/users, line 177, col 7. Please use the complete syntax of fragment expressions instead ("~{fragments :: footer}"). The old, unwrapped syntax for fragment expressions will be removed in future versions of Thymeleaf.
2023-11-07T08:04:28.454+07:00  WARN 30976 --- [http-nio-8080-exec-2] actStandardFragmentInsertionTagProcessor : [THYMELEAF][http-nio-8080-exec-2][users/user_form] Deprecated unwrapped fragment expression "fragments :: page_head(${pageTitle})" found in template users/user_form, line 3, col 7. Please use the complete syntax of fragment expressions instead ("~{fragments :: page_head(${pageTitle})}"). The old, unwrapped syntax for fragment expressions will be removed in future versions of Thymeleaf.
2023-11-07T08:04:28.457+07:00  WARN 30976 --- [http-nio-8080-exec-2] actStandardFragmentInsertionTagProcessor : [THYMELEAF][http-nio-8080-exec-2][users/user_form] Deprecated unwrapped fragment expression "navigation :: menu" found in template users/user_form, line 6, col 8. Please use the complete syntax of fragment expressions instead ("~{navigation :: menu}"). The old, unwrapped syntax for fragment expressions will be removed in future versions of Thymeleaf.
2023-11-07T08:04:28.504+07:00  WARN 30976 --- [http-nio-8080-exec-2] actStandardFragmentInsertionTagProcessor : [THYMELEAF][http-nio-8080-exec-2][users/user_form] Deprecated unwrapped fragment expression "fragments :: footer" found in template users/user_form, line 99, col 7. Please use the complete syntax of fragment expressions instead ("~{fragments :: footer}"). The old, unwrapped syntax for fragment expressions will be removed in future versions of Thymeleaf.
2023-11-07T08:05:21.623+07:00 ERROR 30976 --- [http-nio-8080-exec-7] com.shopme.admin.FileUploadUtil          : Could not list directory: user-photos\26
2023-11-07T08:05:21.656+07:00  WARN 30976 --- [http-nio-8080-exec-7] actStandardFragmentInsertionTagProcessor : [THYMELEAF][http-nio-8080-exec-7][users/users] Deprecated unwrapped fragment expression "fragments :: page_head('Users - Shopme Admin')" found in template users/users, line 3, col 7. Please use the complete syntax of fragment expressions instead ("~{fragments :: page_head('Users - Shopme Admin')}"). The old, unwrapped syntax for fragment expressions will be removed in future versions of Thymeleaf.
2023-11-07T08:05:21.659+07:00  WARN 30976 --- [http-nio-8080-exec-7] actStandardFragmentInsertionTagProcessor : [THYMELEAF][http-nio-8080-exec-7][users/users] Deprecated unwrapped fragment expression "navigation :: menu" found in template users/users, line 6, col 8. Please use the complete syntax of fragment expressions instead ("~{navigation :: menu}"). The old, unwrapped syntax for fragment expressions will be removed in future versions of Thymeleaf.
2023-11-07T08:05:21.674+07:00  WARN 30976 --- [http-nio-8080-exec-7] actStandardFragmentInsertionTagProcessor : [THYMELEAF][http-nio-8080-exec-7][users/users] Deprecated unwrapped fragment expression "fragments :: column_link('id', 'User ID', 'tag')" found in template users/users, line 44, col 11. Please use the complete syntax of fragment expressions instead ("~{fragments :: column_link('id', 'User ID', 'tag')}"). The old, unwrapped syntax for fragment expressions will be removed in future versions of Thymeleaf.
2023-11-07T08:05:21.675+07:00  WARN 30976 --- [http-nio-8080-exec-7] actStandardFragmentInsertionTagProcessor : [THYMELEAF][http-nio-8080-exec-7][users/users] Deprecated unwrapped fragment expression "fragments :: column_link('email', 'E-mail', 'tag')" found in template users/users, line 49, col 11. Please use the complete syntax of fragment expressions instead ("~{fragments :: column_link('email', 'E-mail', 'tag')}"). The old, unwrapped syntax for fragment expressions will be removed in future versions of Thymeleaf.
2023-11-07T08:05:21.676+07:00  WARN 30976 --- [http-nio-8080-exec-7] actStandardFragmentInsertionTagProcessor : [THYMELEAF][http-nio-8080-exec-7][users/users] Deprecated unwrapped fragment expression "fragments :: column_link('firstName', 'First Name', 'none')" found in template users/users, line 51, col 11. Please use the complete syntax of fragment expressions instead ("~{fragments :: column_link('firstName', 'First Name', 'none')}"). The old, unwrapped syntax for fragment expressions will be removed in future versions of Thymeleaf.
2023-11-07T08:05:21.678+07:00  WARN 30976 --- [http-nio-8080-exec-7] actStandardFragmentInsertionTagProcessor : [THYMELEAF][http-nio-8080-exec-7][users/users] Deprecated unwrapped fragment expression "fragments :: column_link('lastName', 'Last Name', 'none')" found in template users/users, line 65, col 11. Please use the complete syntax of fragment expressions instead ("~{fragments :: column_link('lastName', 'Last Name', 'none')}"). The old, unwrapped syntax for fragment expressions will be removed in future versions of Thymeleaf.
2023-11-07T08:05:21.679+07:00  WARN 30976 --- [http-nio-8080-exec-7] actStandardFragmentInsertionTagProcessor : [THYMELEAF][http-nio-8080-exec-7][users/users] Deprecated unwrapped fragment expression "fragments :: column_link('enabled', 'Enabled', 'none')" found in template users/users, line 67, col 11. Please use the complete syntax of fragment expressions instead ("~{fragments :: column_link('enabled', 'Enabled', 'none')}"). The old, unwrapped syntax for fragment expressions will be removed in future versions of Thymeleaf.
2023-11-07T08:05:21.688+07:00  WARN 30976 --- [http-nio-8080-exec-7] actStandardFragmentInsertionTagProcessor : [THYMELEAF][http-nio-8080-exec-7][users/users] Deprecated unwrapped fragment expression "fragments :: footer" found in template users/users, line 177, col 7. Please use the complete syntax of fragment expressions instead ("~{fragments :: footer}"). The old, unwrapped syntax for fragment expressions will be removed in future versions of Thymeleaf.
2023-11-07T08:08:16.118+07:00  INFO 30976 --- [File Watcher] rtingClassPathChangeChangedEventListener : Restarting due to 1 class path change (0 additions, 0 deletions, 1 modification)
2023-11-07T08:08:16.130+07:00  INFO 30976 --- [Thread-19] o.apache.catalina.core.StandardService   : Stopping service [Tomcat]
2023-11-07T08:08:16.132+07:00  INFO 30976 --- [Thread-19] o.a.c.c.C.[.[localhost].[/ShopmeAdmin]   : Destroying Spring FrameworkServlet 'dispatcherServlet'
2023-11-07T08:08:16.143+07:00  WARN 30976 --- [Thread-19] o.a.c.c.C.[.[localhost].[/ShopmeAdmin]   : Cannot serialize session attribute [SPRING_SECURITY_CONTEXT] for session [B1573347E44367FF366D8F6E6F3ED578]

java.io.NotSerializableException: com.shopme.common.entity.User
	at java.base/java.io.ObjectOutputStream.writeObject0(ObjectOutputStream.java:1187) ~[na:na]
	at java.base/java.io.ObjectOutputStream.defaultWriteFields(ObjectOutputStream.java:1572) ~[na:na]
	at java.base/java.io.ObjectOutputStream.writeSerialData(ObjectOutputStream.java:1529) ~[na:na]
	at java.base/java.io.ObjectOutputStream.writeOrdinaryObject(ObjectOutputStream.java:1438) ~[na:na]
	at java.base/java.io.ObjectOutputStream.writeObject0(ObjectOutputStream.java:1181) ~[na:na]
	at java.base/java.io.ObjectOutputStream.defaultWriteFields(ObjectOutputStream.java:1572) ~[na:na]
	at java.base/java.io.ObjectOutputStream.writeSerialData(ObjectOutputStream.java:1529) ~[na:na]
	at java.base/java.io.ObjectOutputStream.writeOrdinaryObject(ObjectOutputStream.java:1438) ~[na:na]
	at java.base/java.io.ObjectOutputStream.writeObject0(ObjectOutputStream.java:1181) ~[na:na]
	at java.base/java.io.ObjectOutputStream.defaultWriteFields(ObjectOutputStream.java:1572) ~[na:na]
	at java.base/java.io.ObjectOutputStream.writeSerialData(ObjectOutputStream.java:1529) ~[na:na]
	at java.base/java.io.ObjectOutputStream.writeOrdinaryObject(ObjectOutputStream.java:1438) ~[na:na]
	at java.base/java.io.ObjectOutputStream.writeObject0(ObjectOutputStream.java:1181) ~[na:na]
	at java.base/java.io.ObjectOutputStream.writeObject(ObjectOutputStream.java:350) ~[na:na]
	at org.apache.catalina.session.StandardSession.doWriteObject(StandardSession.java:1526) ~[tomcat-embed-core-10.1.15.jar:10.1.15]
	at org.apache.catalina.session.StandardSession.writeObjectData(StandardSession.java:1000) ~[tomcat-embed-core-10.1.15.jar:10.1.15]
	at org.apache.catalina.session.StandardManager.doUnload(StandardManager.java:307) ~[tomcat-embed-core-10.1.15.jar:10.1.15]
	at org.apache.catalina.session.StandardManager.unload(StandardManager.java:259) ~[tomcat-embed-core-10.1.15.jar:10.1.15]
	at org.apache.catalina.session.StandardManager.stopInternal(StandardManager.java:374) ~[tomcat-embed-core-10.1.15.jar:10.1.15]
	at org.apache.catalina.util.LifecycleBase.stop(LifecycleBase.java:242) ~[tomcat-embed-core-10.1.15.jar:10.1.15]
	at org.apache.catalina.core.StandardContext.stopInternal(StandardContext.java:5089) ~[tomcat-embed-core-10.1.15.jar:10.1.15]
	at org.apache.catalina.util.LifecycleBase.stop(LifecycleBase.java:242) ~[tomcat-embed-core-10.1.15.jar:10.1.15]
	at org.apache.catalina.core.ContainerBase$StopChild.call(ContainerBase.java:1348) ~[tomcat-embed-core-10.1.15.jar:10.1.15]
	at org.apache.catalina.core.ContainerBase$StopChild.call(ContainerBase.java:1337) ~[tomcat-embed-core-10.1.15.jar:10.1.15]
	at java.base/java.util.concurrent.FutureTask.run(FutureTask.java:264) ~[na:na]
	at org.apache.tomcat.util.threads.InlineExecutorService.execute(InlineExecutorService.java:75) ~[tomcat-embed-core-10.1.15.jar:10.1.15]
	at java.base/java.util.concurrent.AbstractExecutorService.submit(AbstractExecutorService.java:145) ~[na:na]
	at org.apache.catalina.core.ContainerBase.stopInternal(ContainerBase.java:931) ~[tomcat-embed-core-10.1.15.jar:10.1.15]
	at org.apache.catalina.util.LifecycleBase.stop(LifecycleBase.java:242) ~[tomcat-embed-core-10.1.15.jar:10.1.15]
	at org.apache.catalina.core.ContainerBase$StopChild.call(ContainerBase.java:1348) ~[tomcat-embed-core-10.1.15.jar:10.1.15]
	at org.apache.catalina.core.ContainerBase$StopChild.call(ContainerBase.java:1337) ~[tomcat-embed-core-10.1.15.jar:10.1.15]
	at java.base/java.util.concurrent.FutureTask.run(FutureTask.java:264) ~[na:na]
	at org.apache.tomcat.util.threads.InlineExecutorService.execute(InlineExecutorService.java:75) ~[tomcat-embed-core-10.1.15.jar:10.1.15]
	at java.base/java.util.concurrent.AbstractExecutorService.submit(AbstractExecutorService.java:145) ~[na:na]
	at org.apache.catalina.core.ContainerBase.stopInternal(ContainerBase.java:931) ~[tomcat-embed-core-10.1.15.jar:10.1.15]
	at org.apache.catalina.util.LifecycleBase.stop(LifecycleBase.java:242) ~[tomcat-embed-core-10.1.15.jar:10.1.15]
	at org.apache.catalina.core.StandardService.stopInternal(StandardService.java:496) ~[tomcat-embed-core-10.1.15.jar:10.1.15]
	at org.apache.catalina.util.LifecycleBase.stop(LifecycleBase.java:242) ~[tomcat-embed-core-10.1.15.jar:10.1.15]
	at org.apache.catalina.core.StandardServer.stopInternal(StandardServer.java:969) ~[tomcat-embed-core-10.1.15.jar:10.1.15]
	at org.apache.catalina.util.LifecycleBase.stop(LifecycleBase.java:242) ~[tomcat-embed-core-10.1.15.jar:10.1.15]
	at org.apache.catalina.startup.Tomcat.stop(Tomcat.java:498) ~[tomcat-embed-core-10.1.15.jar:10.1.15]
	at org.springframework.boot.web.embedded.tomcat.TomcatWebServer.stopTomcat(TomcatWebServer.java:273) ~[spring-boot-3.1.5.jar:3.1.5]
	at org.springframework.boot.web.embedded.tomcat.TomcatWebServer.stop(TomcatWebServer.java:331) ~[spring-boot-3.1.5.jar:3.1.5]
	at org.springframework.boot.web.servlet.context.WebServerStartStopLifecycle.stop(WebServerStartStopLifecycle.java:53) ~[spring-boot-3.1.5.jar:3.1.5]
	at org.springframework.context.SmartLifecycle.stop(SmartLifecycle.java:117) ~[spring-context-6.0.13.jar:6.0.13]
	at org.springframework.context.support.DefaultLifecycleProcessor.doStop(DefaultLifecycleProcessor.java:235) ~[spring-context-6.0.13.jar:6.0.13]
	at org.springframework.context.support.DefaultLifecycleProcessor$LifecycleGroup.stop(DefaultLifecycleProcessor.java:374) ~[spring-context-6.0.13.jar:6.0.13]
	at org.springframework.context.support.DefaultLifecycleProcessor.stopBeans(DefaultLifecycleProcessor.java:207) ~[spring-context-6.0.13.jar:6.0.13]
	at org.springframework.context.support.DefaultLifecycleProcessor.onClose(DefaultLifecycleProcessor.java:130) ~[spring-context-6.0.13.jar:6.0.13]
	at org.springframework.context.support.AbstractApplicationContext.doClose(AbstractApplicationContext.java:1076) ~[spring-context-6.0.13.jar:6.0.13]
	at org.springframework.boot.web.servlet.context.ServletWebServerApplicationContext.doClose(ServletWebServerApplicationContext.java:173) ~[spring-boot-3.1.5.jar:3.1.5]
	at org.springframework.context.support.AbstractApplicationContext.close(AbstractApplicationContext.java:1035) ~[spring-context-6.0.13.jar:6.0.13]
	at org.springframework.boot.devtools.restart.Restarter.stop(Restarter.java:308) ~[spring-boot-devtools-3.1.5.jar:3.1.5]
	at org.springframework.boot.devtools.restart.Restarter.lambda$restart$1(Restarter.java:250) ~[spring-boot-devtools-3.1.5.jar:3.1.5]
	at org.springframework.boot.devtools.restart.Restarter$LeakSafeThread.run(Restarter.java:614) ~[spring-boot-devtools-3.1.5.jar:3.1.5]

2023-11-07T08:08:16.164+07:00  INFO 30976 --- [Thread-19] j.LocalContainerEntityManagerFactoryBean : Closing JPA EntityManagerFactory for persistence unit 'default'
2023-11-07T08:08:16.167+07:00  INFO 30976 --- [Thread-19] com.zaxxer.hikari.HikariDataSource       : HikariPool-5 - Shutdown initiated...
2023-11-07T08:08:16.177+07:00  INFO 30976 --- [Thread-19] com.zaxxer.hikari.HikariDataSource       : HikariPool-5 - Shutdown completed.
